<?xml version="1.0" encoding="UTF-8"?>
<testng-results ignored="0" total="1" passed="1" failed="0" skipped="0">
  <reporter-output>
  </reporter-output>
  <suite started-at="2024-01-04T20:17:11 IST" name="Default suite" finished-at="2024-01-04T20:17:38 IST" duration-ms="26553">
    <groups>
    </groups>
    <test started-at="2024-01-04T20:17:11 IST" name="Default test" finished-at="2024-01-04T20:17:38 IST" duration-ms="26553">
      <class name="websitetoolbox.shital.browserstck">
        <test-method signature="Setup()[pri:0, instance:websitetoolbox.shital.browserstck@6221a451]" started-at="2024-01-04T20:17:12 IST" name="Setup" finished-at="2024-01-04T20:17:38 IST" duration-ms="26432" status="PASS">
          <reporter-output>
          </reporter-output>
        </test-method> <!-- Setup -->
      </class> <!-- websitetoolbox.shital.browserstck -->
    </test> <!-- Default test -->
  </suite> <!-- Default suite -->
</testng-results>
